<?xml version="1.0" encoding="UTF-8"?>
<!-- Generated by org.testng.reporters.JUnitReportReporter -->
<testsuite hostname="DESKTOP-GOAQVTN" failures="0" tests="2" name="Rest.restTest" time="63.475" errors="0" timestamp="2020-08-19T14:17:36 CAT" skipped="0">
  <testcase classname="Rest.restTest" name="multipleTest" time="62.672"/>
  <system-out/>
  <testcase classname="Rest.restTest" name="singleTest" time="0.803"/>
  <system-out/>
</testsuite> <!-- Rest.restTest -->
