<?xml version="1.0" encoding="UTF-8"?>
<!-- Generated by org.testng.reporters.JUnitReportReporter -->
<testsuite hostname="DESKTOP-GOAQVTN" failures="0" tests="2" name="Soap.soapTestRunner2" time="1.447" errors="0" timestamp="2020-08-19T14:17:36 CAT" skipped="0">
  <testcase classname="Soap.soapTestRunner2" name="multipleTest" time="1.065"/>
  <system-out/>
  <testcase classname="Soap.soapTestRunner2" name="singleTest" time="0.382"/>
  <system-out/>
</testsuite> <!-- Soap.soapTestRunner2 -->
